<?xml version="1.0" encoding="UTF-8"?>
<!-- Generated by org.testng.reporters.JUnitReportReporter -->
<testsuite hostname="DESKTOP-EUA91B4" failures="0" tests="6" name="org.testng.TestNG_Clas" time="0.024" errors="0" timestamp="2023-09-06T20:20:14 IST" skipped="0">
  <testcase classname="org.testng.TestNG_Clas" name="browser_Launch" time="0.019"/>
  <testcase classname="org.testng.TestNG_Clas" name="url" time="0.001"/>
  <testcase classname="org.testng.TestNG_Clas" name="max" time="0.000"/>
  <testcase classname="org.testng.TestNG_Clas" name="max" time="0.002"/>
  <testcase classname="org.testng.TestNG_Clas" name="max" time="0.001"/>
  <testcase classname="org.testng.TestNG_Clas" name="search" time="0.001"/>
</testsuite> <!-- org.testng.TestNG_Clas -->
